0 info it worked if it ends with ok
1 verbose cli [ 'C:\\Program Files\\nodejs\\node.exe',
1 verbose cli   'C:\\Program Files\\nodejs\\node_modules\\npm\\bin\\npm-cli.js',
1 verbose cli   'start' ]
2 info using npm@3.10.9
3 info using node@v6.9.2
4 verbose run-script [ 'prestart', 'start', 'poststart' ]
5 info lifecycle pit-commander@0.1.0~prestart: pit-commander@0.1.0
6 silly lifecycle pit-commander@0.1.0~prestart: no script for prestart, continuing
7 info lifecycle pit-commander@0.1.0~start: pit-commander@0.1.0
8 verbose lifecycle pit-commander@0.1.0~start: unsafe-perm in lifecycle true
9 verbose lifecycle pit-commander@0.1.0~start: PATH: C:\Program Files\nodejs\node_modules\npm\bin\node-gyp-bin;C:\Users\pchild\Documents\GitHub\PC-User-Interface\node_modules\.bin;C:\ProgramData\Oracle\Java\javapath;C:\Program Files\Java\jdk1.8.0_121\bin;C:\WINDOWS\system32;C:\WINDOWS;C:\WINDOWS\System32\Wbem;C:\WINDOWS\System32\WindowsPowerShell\v1.0\;C:\Program Files (x86)\IVI Foundation\VISA\WinNT\Bin\;C:\Program Files\IVI Foundation\VISA\Win64\Bin\;C:\Program Files (x86)\IVI Foundation\VISA\WinNT\Bin;C:\Users\pchild\strongback\java\bin;C:\Program Files\nodejs\;C:\Users\pchild\AppData\Local\GitHub\PortableGit_d7effa1a4a322478cd29c826b52a0c118ad3db11\cmd;C:\Program Files\Git\cmd;"C:\Program Files (x86)\FCIV";C:\Program Files (x86)\Brackets\command;C:\Program Files (x86)\Windows Kits\8.1\Windows Performance Toolkit\;C:\Users\pchild\AppData\Local\Microsoft\WindowsApps;C:\Users\pchild\strongback\java\bin;C:\Users\pchild\AppData\Roaming\npm;C:\Program Files (x86)\FCIV;C:\Python27\;
10 verbose lifecycle pit-commander@0.1.0~start: CWD: C:\Users\pchild\Documents\GitHub\PC-User-Interface
11 silly lifecycle pit-commander@0.1.0~start: Args: [ '/d /s /c', 'electron .' ]
12 silly lifecycle pit-commander@0.1.0~start: Returned: code: 1  signal: null
13 info lifecycle pit-commander@0.1.0~start: Failed to exec start script
14 verbose stack Error: pit-commander@0.1.0 start: `electron .`
14 verbose stack Exit status 1
14 verbose stack     at EventEmitter.<anonymous> (C:\Program Files\nodejs\node_modules\npm\lib\utils\lifecycle.js:255:16)
14 verbose stack     at emitTwo (events.js:106:13)
14 verbose stack     at EventEmitter.emit (events.js:191:7)
14 verbose stack     at ChildProcess.<anonymous> (C:\Program Files\nodejs\node_modules\npm\lib\utils\spawn.js:40:14)
14 verbose stack     at emitTwo (events.js:106:13)
14 verbose stack     at ChildProcess.emit (events.js:191:7)
14 verbose stack     at maybeClose (internal/child_process.js:877:16)
14 verbose stack     at Process.ChildProcess._handle.onexit (internal/child_process.js:226:5)
15 verbose pkgid pit-commander@0.1.0
16 verbose cwd C:\Users\pchild\Documents\GitHub\PC-User-Interface
17 error Windows_NT 10.0.15063
18 error argv "C:\\Program Files\\nodejs\\node.exe" "C:\\Program Files\\nodejs\\node_modules\\npm\\bin\\npm-cli.js" "start"
19 error node v6.9.2
20 error npm  v3.10.9
21 error code ELIFECYCLE
22 error pit-commander@0.1.0 start: `electron .`
22 error Exit status 1
23 error Failed at the pit-commander@0.1.0 start script 'electron .'.
23 error Make sure you have the latest version of node.js and npm installed.
23 error If you do, this is most likely a problem with the pit-commander package,
23 error not with npm itself.
23 error Tell the author that this fails on your system:
23 error     electron .
23 error You can get information on how to open an issue for this project with:
23 error     npm bugs pit-commander
23 error Or if that isn't available, you can get their info via:
23 error     npm owner ls pit-commander
23 error There is likely additional logging output above.
24 verbose exit [ 1, true ]
